[debug] [2021-01-26T21:25:04.135Z] ----------------------------------------------------------------------
[debug] [2021-01-26T21:25:04.144Z] Command:       C:\Program Files\nodejs\node.exe C:\Users\hp\AppData\Roaming\npm\node_modules\firebase-tools\lib\bin\firebase.js init
[debug] [2021-01-26T21:25:04.145Z] CLI Version:   9.2.2
[debug] [2021-01-26T21:25:04.146Z] Platform:      win32
[debug] [2021-01-26T21:25:04.146Z] Node Version:  v14.15.4
[debug] [2021-01-26T21:25:04.148Z] Time:          Tue Jan 26 2021 22:25:04 GMT+0100 (West Africa Standard Time)
[debug] [2021-01-26T21:25:04.148Z] ----------------------------------------------------------------------
[debug] [2021-01-26T21:25:04.149Z] 
[debug] [2021-01-26T21:25:04.155Z] >>> [apiv2][query] GET https://firebase-public.firebaseio.com/cli.json [none]
[debug] [2021-01-26T21:25:04.218Z] > command requires scopes: ["email","openid","https://www.googleapis.com/auth/cloudplatformprojects.readonly","https://www.googleapis.com/auth/firebase","https://www.googleapis.com/auth/cloud-platform"]
[debug] [2021-01-26T21:25:04.219Z] > authorizing via signed-in user
[info] 
     ######## #### ########  ######## ########     ###     ######  ########
     ##        ##  ##     ## ##       ##     ##  ##   ##  ##       ##
     ######    ##  ########  ######   ########  #########  ######  ######
     ##        ##  ##    ##  ##       ##     ## ##     ##       ## ##
     ##       #### ##     ## ######## ########  ##     ##  ######  ########

You're about to initialize a Firebase project in this directory:

  F:\react\messanger-clone

[debug] [2021-01-26T21:25:05.587Z] <<< [apiv2][status] GET https://firebase-public.firebaseio.com/cli.json 200
[debug] [2021-01-26T21:25:05.588Z] <<< [apiv2][body] GET https://firebase-public.firebaseio.com/cli.json {"cloudBuildErrorAfter":1594252800000,"cloudBuildWarnAfter":1590019200000,"defaultNode10After":1594252800000,"minVersion":"3.0.5","node8DeploysDisabledAfter":1613390400000,"node8RuntimeDisabledAfter":1615809600000,"node8WarnAfter":1600128000000}
